[2016-04-28 19:44:02] START
[2016-04-28 22:14:33] EDIT Image/views/default/show.html: -2
[2016-04-28 22:15:18] EDIT Image/views/default/show.html: 0
[2016-04-28 22:15:55] EDIT Image/views/default/show.html: -34
[2016-04-28 22:16:29] EDIT Image/views/default/show.html: 34
[2016-04-28 22:18:26] CREATE default/show2.html: 0
[2016-04-28 22:18:30] EDIT Image/views/default/show2.html: 58
[2016-04-28 22:19:03] EDIT Image/controllers/default.py: 0
[2016-04-28 22:19:51] EDIT Image/views/default/show2.html: -58
[2016-04-28 22:21:29] EDIT Image/views/default/show2.html: 58
[2016-04-28 22:29:40] EDIT Image/controllers/default.py: 0
[2016-04-28 22:32:00] EDIT Image/controllers/default.py: 0
[2016-04-28 22:32:26] EDIT Image/controllers/default.py: 1
[2016-04-28 22:32:41] EDIT Image/controllers/default.py: 0
[2016-04-28 22:35:38] EDIT Image/views/default/show2.html: 0
[2016-04-28 22:37:11] EDIT Image/views/default/show2.html: 1
[2016-04-28 22:37:14] EDIT Image/views/default/show2.html: -1
[2016-04-28 22:37:32] EDIT Image/views/default/show2.html: 0
[2016-04-28 22:38:02] EDIT Image/views/default/index.html: 0
[2016-04-28 22:41:50] EDIT Image/views/default/show2.html: 1
[2016-04-28 22:49:40] EDIT Image/views/default/show2.html: 0
[2016-04-28 22:50:26] EDIT Image/views/default/show2.html: 0
[2016-04-28 22:50:45] EDIT Image/views/default/show2.html: 0
[2016-04-28 22:55:10] EDIT Image/views/default/show2.html: 0
[2016-04-28 22:55:23] EDIT Image/views/default/show2.html: 0
[2016-04-28 22:55:32] EDIT Image/views/default/show2.html: 0
[2016-04-28 22:56:23] EDIT Image/views/default/show2.html: 0
[2016-04-28 22:57:20] EDIT Image/views/default/show2.html: 0
[2016-04-28 22:57:44] EDIT Image/views/default/show2.html: 0
[2016-04-28 22:57:58] EDIT Image/views/default/show2.html: 0
[2016-04-28 22:58:10] EDIT Image/views/default/show2.html: 0
[2016-04-28 22:58:29] EDIT Image/views/default/show2.html: 0
[2016-04-28 22:58:58] EDIT Image/views/default/show2.html: 0
[2016-04-28 23:01:52] EDIT Image/views/default/show.html: 1
[2016-04-28 23:02:02] EDIT Image/controllers/default.py: 0
[2016-04-28 23:03:15] EDIT Image/views/default/show.html: 0
[2016-04-28 23:03:35] EDIT Image/views/default/index.html: 0
[2016-04-28 23:04:14] EDIT Image/views/default/show.html: 0
[2016-04-28 23:12:06] EDIT Image/controllers/default.py: 4
[2016-04-28 23:12:57] EDIT Image/controllers/default.py: -4
[2016-04-28 23:13:40] EDIT Image/controllers/default.py: 1
[2016-04-28 23:15:55] EDIT Image/views/default/show.html: 13
[2016-04-28 23:16:19] EDIT Image/views/default/show.html: 2
[2016-04-28 23:21:14] EDIT Image/views/default/show.html: 1
[2016-04-28 23:21:42] EDIT Image/views/default/show.html: 0
[2016-04-28 23:22:37] EDIT Image/controllers/default.py: 2
[2016-04-28 23:22:53] EDIT Image/controllers/default.py: 0
[2016-04-28 23:23:15] EDIT Image/views/comments/post.load: -1
[2016-04-28 23:23:52] EDIT Image/views/default/show.html: -5
[2016-04-28 23:23:59] EDIT Image/views/default/show.html: 0
[2016-04-28 23:24:54] EDIT Image/views/default/show.html: 0
[2016-04-28 23:25:26] CREATE default/post_list.load: 0
[2016-04-28 23:25:33] EDIT Image/views/default/post_list.load: -14
[2016-04-28 23:26:04] EDIT Image/views/default/show.html: 0
[2016-04-28 23:27:48] EDIT Image/controllers/default.py: 4
[2016-04-28 23:27:50] EDIT Image/controllers/default.py: 0
[2016-04-28 23:27:56] EDIT Image/views/default/show.html: 0
[2016-04-28 23:28:07] EDIT Image/controllers/default.py: 0
[2016-04-28 23:28:08] EDIT Image/controllers/default.py: 0
[2016-04-28 23:28:08] EDIT Image/controllers/default.py: 0
[2016-04-28 23:28:08] EDIT Image/controllers/default.py: 0
[2016-04-28 23:28:08] EDIT Image/controllers/default.py: 0
[2016-04-28 23:28:08] EDIT Image/controllers/default.py: 0
[2016-04-28 23:28:09] EDIT Image/controllers/default.py: 0
[2016-04-28 23:28:10] EDIT Image/views/default/show.html: 0
[2016-04-28 23:31:04] EDIT Image/views/default/show.html: -1
[2016-04-28 23:31:15] EDIT Image/views/default/show.html: 0
[2016-04-28 23:36:30] EDIT Image/controllers/default.py: -1
[2016-04-28 23:37:30] EDIT Image/views/default/show.html: 1
[2016-04-28 23:37:37] EDIT Image/views/default/show.html: 0
[2016-04-28 23:39:04] EDIT Image/views/default/show.html: 1
[2016-04-28 23:39:20] EDIT Image/views/default/show.html: 0
[2016-04-28 23:39:24] EDIT Image/views/default/show.html: -1
[2016-04-28 23:40:04] EDIT Image/views/default/show.html: 0
[2016-04-28 23:42:30] EDIT Image/views/default/show.html: 1
[2016-04-29 01:40:14] EDIT Image/controllers/default.py: 18
[2016-04-29 01:42:30] EDIT Image/views/default/show.html: 5
[2016-04-29 01:45:04] EDIT Image/controllers/default.py: 0
[2016-04-29 01:45:51] EDIT Image/controllers/default.py: 0
[2016-04-29 01:46:14] EDIT Image/controllers/default.py: 0
[2016-04-29 01:46:35] EDIT Image/views/default/show.html: 0
[2016-04-29 01:46:56] EDIT Image/views/default/show.html: 0
[2016-04-29 01:47:36] EDIT Image/controllers/default.py: 0
[2016-04-29 01:49:03] EDIT Image/controllers/default.py: -3
[2016-04-29 01:50:33] EDIT Image/views/default/show.html: 4
[2016-04-29 01:52:38] EDIT Image/controllers/default.py: 0
[2016-04-29 01:53:11] EDIT Image/controllers/default.py: 0
[2016-04-29 01:53:21] EDIT Image/views/default/show.html: 0
[2016-04-29 01:54:32] EDIT Image/views/default/show.html: 0
[2016-04-29 01:55:00] EDIT Image/views/default/show.html: 0
[2016-04-29 01:55:02] EDIT Image/controllers/default.py: 0
[2016-04-29 01:57:19] EDIT Image/controllers/default.py: 1
[2016-04-29 01:58:11] EDIT Image/controllers/default.py: 0
[2016-04-29 01:58:51] EDIT Image/views/default/show.html: -1
[2016-04-29 02:02:23] EDIT Image/views/default/show.html: -2
[2016-04-29 02:03:20] EDIT Image/views/default/show.html: 0
[2016-04-29 02:04:04] EDIT Image/views/default/show.html: 2
[2016-04-29 02:04:22] EDIT Image/views/default/show.html: 1
[2016-04-29 02:04:29] EDIT Image/views/default/show.html: -1
[2016-04-29 02:05:38] EDIT Image/controllers/default.py: -3
[2016-04-29 02:07:00] EDIT Image/views/default/show.html: 5
[2016-04-29 02:07:28] EDIT Image/views/default/show.html: 0
[2016-04-29 02:08:02] EDIT Image/controllers/default.py: 0
[2016-04-29 02:09:46] EDIT Image/views/default/show.html: 0
[2016-04-29 02:11:07] EDIT Image/views/default/show.html: -5
[2016-04-29 02:11:41] EDIT Image/views/default/show.html: 2
[2016-04-29 02:12:09] EDIT Image/controllers/default.py: 1
[2016-04-29 02:12:18] EDIT Image/controllers/default.py: 0
[2016-04-29 02:12:20] EDIT Image/controllers/default.py: 0
[2016-04-29 02:13:08] EDIT Image/controllers/default.py: 0
[2016-04-29 02:16:56] EDIT Image/controllers/default.py: 2
[2016-04-29 02:18:50] EDIT Image/controllers/default.py: 0
[2016-04-29 02:19:52] EDIT Image/views/default/show.html: 0
[2016-04-29 02:20:09] EDIT Image/views/default/show.html: 0
[2016-04-29 02:23:19] EDIT Image/views/default/show.html: 2
[2016-04-29 02:23:45] EDIT Image/views/default/show.html: 0
[2016-04-29 02:24:12] EDIT Image/views/default/show.html: -1
[2016-04-29 02:24:27] EDIT Image/views/default/show.html: 1
[2016-04-29 02:24:35] EDIT Image/views/default/show.html: -8
[2016-04-29 02:24:52] EDIT Image/views/default/show.html: 8
[2016-04-29 02:26:45] CREATE try.html: 0
[2016-04-29 02:26:53] CREATE default/try.html: 0
[2016-04-29 02:26:57] EDIT Image/views/default/try.html: 9
[2016-04-29 02:27:35] EDIT Image/controllers/default.py: 2
[2016-04-29 02:27:42] CREATE default/try1.html: 0
[2016-04-29 02:27:45] EDIT Image/views/default/try1.html: 9
[2016-04-29 02:29:14] EDIT Image/controllers/default.py: 1
[2016-04-29 02:29:20] EDIT Image/controllers/default.py: 0
[2016-04-29 02:29:47] EDIT Image/views/default/try1.html: -1
[2016-04-29 02:30:05] EDIT Image/views/default/try1.html: 5
[2016-04-29 02:30:22] EDIT Image/views/default/try1.html: 0
[2016-04-29 02:30:38] EDIT Image/controllers/default.py: 0
[2016-04-29 02:30:47] EDIT Image/views/default/try1.html: 0
[2016-04-29 02:30:50] EDIT Image/views/default/try1.html: -1
[2016-04-29 02:31:58] EDIT Image/controllers/default.py: 0
[2016-04-29 02:32:32] EDIT Image/views/default/try1.html: 0
[2016-04-29 02:45:34] EDIT Image/controllers/default.py: 0
[2016-04-29 02:46:46] EDIT Image/views/default/try1.html: 0
[2016-04-29 02:47:08] EDIT Image/views/default/try1.html: 1
[2016-04-29 02:47:35] EDIT Image/controllers/default.py: 0
[2016-04-29 02:47:35] EDIT Image/controllers/default.py: 0
[2016-04-29 02:47:35] EDIT Image/controllers/default.py: 0
[2016-04-29 02:47:35] EDIT Image/controllers/default.py: 0
[2016-04-29 02:47:36] EDIT Image/controllers/default.py: 0
[2016-04-29 02:47:36] EDIT Image/controllers/default.py: 0
[2016-04-29 02:47:36] EDIT Image/controllers/default.py: 0
[2016-04-29 02:47:36] EDIT Image/controllers/default.py: 0
[2016-04-29 02:47:36] EDIT Image/controllers/default.py: 0
[2016-04-29 02:47:37] EDIT Image/controllers/default.py: 0
[2016-04-29 02:48:11] EDIT Image/views/default/try1.html: 0
[2016-04-29 02:50:01] EDIT Image/controllers/default.py: -1
[2016-04-29 02:50:14] EDIT Image/controllers/default.py: 0
[2016-04-29 02:50:46] EDIT Image/views/default/try1.html: 1
[2016-04-29 02:51:08] EDIT Image/controllers/default.py: 0
[2016-04-29 02:52:09] EDIT Image/controllers/default.py: 0
[2016-04-29 02:52:41] EDIT Image/controllers/default.py: 0
[2016-04-29 02:52:54] EDIT Image/controllers/default.py: 0
[2016-04-29 02:54:14] EDIT Image/views/default/show.html: 5
[2016-04-29 02:54:48] EDIT Image/views/default/show.html: 0
[2016-04-29 02:55:48] EDIT Image/views/default/show.html: -1
[2016-04-29 02:55:49] EDIT Image/views/default/show.html: 0
[2016-04-29 02:56:13] EDIT Image/views/default/show.html: -1
[2016-04-29 02:56:29] EDIT Image/views/default/show.html: 0
[2016-04-29 02:57:22] EDIT Image/views/default/show.html: 2
[2016-04-29 02:57:41] EDIT Image/views/default/show.html: 0
[2016-04-29 02:57:53] EDIT Image/views/default/show.html: 0
[2016-04-29 03:08:56] EDIT Image/views/default/show.html: -8
[2016-04-29 21:22:33] EDIT Image/views/default/show.html: 26
[2016-04-29 21:23:05] CREATE default/tag_list.load: 0
[2016-04-29 21:25:04] EDIT Image/views/default/tag_list.load: -14
[2016-04-29 21:26:53] EDIT Image/views/default/show.html: 0
[2016-04-29 21:30:42] EDIT Image/controllers/default.py: -25
[2016-04-29 21:31:59] EDIT Image/controllers/default.py: 0
[2016-04-29 21:32:12] EDIT Image/views/default/show.html: 1
[2016-04-29 21:33:07] EDIT Image/views/default/show.html: 0
[2016-04-29 21:41:13] EDIT Image/controllers/default.py: 1
[2016-04-29 21:43:36] EDIT Image/controllers/default.py: 17
[2016-04-29 21:45:17] EDIT Image/views/default/show.html: 0
[2016-04-29 21:48:13] EDIT Image/views/default/try1.html: 9
[2016-04-29 21:48:17] EDIT Image/controllers/default.py: 0
[2016-04-29 21:49:52] EDIT Image/views/default/try1.html: -1
[2016-04-29 21:49:58] EDIT Image/views/default/try1.html: 1
[2016-04-29 21:50:03] EDIT Image/views/default/try1.html: -1
[2016-04-29 21:52:20] EDIT Image/controllers/default.py: 0
[2016-04-29 21:53:38] EDIT Image/views/default/try1.html: 0
[2016-04-29 21:54:07] EDIT Image/views/default/try1.html: 0
[2016-04-29 21:54:31] EDIT Image/controllers/default.py: 0
[2016-04-29 21:54:42] EDIT Image/controllers/default.py: 0
[2016-04-29 21:54:42] EDIT Image/controllers/default.py: 0
[2016-04-29 21:54:43] EDIT Image/controllers/default.py: 0
[2016-04-29 21:54:43] EDIT Image/controllers/default.py: 0
[2016-04-29 21:54:43] EDIT Image/controllers/default.py: 0
[2016-04-29 21:54:43] EDIT Image/controllers/default.py: 0
[2016-04-29 21:55:19] EDIT Image/controllers/default.py: 0
[2016-04-29 21:55:51] EDIT Image/views/default/try1.html: 0
[2016-04-29 21:56:08] EDIT Image/views/default/try1.html: 0
[2016-04-29 21:59:13] EDIT Image/views/default/try1.html: 0
[2016-04-29 21:59:57] EDIT Image/views/default/try1.html: 1
[2016-04-29 22:00:26] EDIT Image/views/default/try1.html: 0
[2016-04-29 22:00:49] EDIT Image/controllers/default.py: 0
[2016-04-29 22:00:58] EDIT Image/views/default/show.html: 0
[2016-04-29 22:01:38] EDIT Image/views/default/try1.html: 0
[2016-04-29 22:01:45] EDIT Image/views/default/try1.html: 0
[2016-04-29 22:02:26] EDIT Image/views/default/try1.html: 0
[2016-04-29 22:03:03] EDIT Image/views/default/try1.html: 1
[2016-04-29 22:03:12] EDIT Image/views/default/try1.html: -1
[2016-04-29 22:04:00] EDIT Image/views/default/try1.html: 0
[2016-04-29 22:04:12] EDIT Image/controllers/default.py: 0
[2016-04-29 22:05:15] EDIT Image/controllers/default.py: 0
[2016-04-29 22:06:25] EDIT Image/controllers/default.py: 0
[2016-04-29 22:06:50] EDIT Image/views/default/try1.html: 2
[2016-04-29 22:07:30] EDIT Image/views/default/try1.html: -4
[2016-04-29 22:07:59] EDIT Image/views/default/try1.html: 2
[2016-04-29 22:08:28] EDIT Image/views/default/try1.html: 0
[2016-04-29 22:11:57] EDIT Image/controllers/default.py: 0
[2016-04-29 22:13:07] EDIT Image/views/default/try1.html: -7
[2016-04-29 22:17:49] EDIT Image/controllers/default.py: 0
[2016-04-29 22:18:00] EDIT Image/controllers/default.py: 0
[2016-04-29 22:18:06] EDIT Image/views/default/try1.html: 8
[2016-04-29 22:20:09] EDIT Image/views/default/try1.html: 0
[2016-04-29 22:22:01] EDIT Image/views/default/try1.html: -13
[2016-04-29 22:22:04] EDIT Image/controllers/default.py: -5
[2016-04-29 22:22:25] EDIT Image/views/default/try1.html: 0
[2016-04-29 22:23:19] EDIT Image/controllers/default.py: -1
[2016-04-29 22:24:14] EDIT Image/controllers/default.py: 0
[2016-04-29 22:25:11] EDIT Image/controllers/default.py: 0
[2016-04-29 22:26:41] EDIT Image/controllers/default.py: -1
[2016-04-29 22:27:05] EDIT Image/controllers/default.py: 0
[2016-04-29 22:27:26] EDIT Image/controllers/default.py: 0
[2016-04-29 22:28:08] EDIT Image/controllers/default.py: 0
[2016-04-29 22:28:43] EDIT Image/views/default/try1.html: 0
[2016-04-29 22:28:56] EDIT Image/views/default/try1.html: 0
[2016-04-29 22:29:36] EDIT Image/controllers/default.py: 0
[2016-04-29 22:30:11] EDIT Image/views/default/try1.html: 0
[2016-04-29 22:30:49] EDIT Image/views/default/try1.html: 1
[2016-04-29 22:31:09] EDIT Image/views/default/try1.html: 0
[2016-04-29 22:31:26] EDIT Image/views/default/try1.html: 0
[2016-04-29 22:32:48] EDIT Image/views/default/try1.html: 10
[2016-04-29 22:32:49] EDIT Image/views/default/try1.html: -1
[2016-04-29 22:33:13] EDIT Image/views/default/try1.html: 1
[2016-04-29 22:37:03] EDIT Image/views/default/try1.html: 0
[2016-04-29 22:37:55] EDIT Image/controllers/default.py: 0
[2016-04-29 22:40:21] EDIT Image/views/default/try1.html: 0
[2016-04-29 22:40:31] EDIT Image/views/default/try1.html: 0
[2016-04-29 22:42:48] EDIT Image/controllers/default.py: -1
[2016-04-29 22:43:29] EDIT Image/controllers/default.py: 0
[2016-04-29 22:44:21] EDIT Image/views/default/try1.html: 0
[2016-04-29 22:45:09] EDIT Image/models/db.py: 0
[2016-04-29 22:46:16] EDIT Image/controllers/default.py: 0
[2016-04-29 22:46:43] EDIT Image/controllers/default.py: 0
[2016-04-29 22:47:26] EDIT Image/models/db.py: -1
[2016-04-29 22:47:45] EDIT Image/controllers/default.py: -1
[2016-04-29 22:48:00] EDIT Image/controllers/default.py: 1
[2016-04-29 22:48:23] EDIT Image/controllers/default.py: 0
[2016-04-29 22:48:28] EDIT Image/models/db.py: 1
[2016-04-29 22:48:36] EDIT Image/models/db.py: 0
[2016-04-29 22:48:40] EDIT Image/views/default/show.html: 0
[2016-04-29 22:48:42] EDIT Image/views/default/try1.html: 0
[2016-04-29 22:48:43] EDIT Image/controllers/default.py: 0
[2016-04-29 22:52:09] EDIT Image/views/default/show.html: 0
[2016-04-29 22:52:49] EDIT Image/views/default/show.html: -1
[2016-04-29 22:54:30] EDIT Image/views/default/show.html: 6
[2016-04-29 22:55:13] EDIT Image/views/default/show.html: 0
[2016-04-29 22:56:03] EDIT Image/views/default/show.html: -7
[2016-04-29 22:56:44] EDIT Image/views/default/show.html: 0
[2016-04-29 22:58:32] EDIT Image/controllers/default.py: 2
[2016-04-29 22:58:37] EDIT Image/controllers/default.py: 0
[2016-04-29 22:58:50] EDIT Image/controllers/default.py: 1
[2016-04-29 22:58:58] EDIT Image/controllers/default.py: 0
[2016-04-29 22:59:23] EDIT Image/controllers/default.py: 0
[2016-04-29 23:00:03] EDIT Image/controllers/default.py: -3
[2016-04-29 23:00:50] EDIT Image/views/default/tag_list.load: 0
[2016-04-29 23:01:28] EDIT Image/views/default/tag_list.load: 0
[2016-04-29 23:01:38] EDIT Image/views/default/tag_list.load: 0
[2016-04-29 23:02:00] EDIT Image/views/default/tag_list.load: 0
[2016-04-29 23:02:14] EDIT Image/views/default/tag_list.load: 0
[2016-04-29 23:02:30] EDIT Image/views/default/tag_list.load: 0
[2016-04-29 23:03:38] EDIT Image/views/default/show.html: 0
[2016-04-30 09:47:47] EDIT Image/models/db.py: 0
[2016-04-30 09:50:48] EDIT Image/views/default/show.html: 0
[2016-04-30 09:51:28] EDIT Image/views/default/show.html: 0
[2016-04-30 09:52:46] EDIT Image/views/default/show.html: 3
[2016-04-30 09:54:06] EDIT Image/controllers/default.py: 0
[2016-04-30 09:54:44] EDIT Image/controllers/default.py: 0
[2016-04-30 09:54:51] EDIT Image/controllers/default.py: 0
[2016-04-30 09:55:14] EDIT Image/views/default/show.html: 0
[2016-04-30 09:55:38] EDIT Image/controllers/default.py: 0
[2016-04-30 09:56:34] EDIT Image/controllers/default.py: 0
[2016-04-30 10:10:23] EDIT Image/views/default/show.html: 0
[2016-04-30 10:10:41] EDIT Image/views/default/show.html: -8
[2016-04-30 10:11:52] EDIT Image/views/default/show.html: 8
[2016-04-30 10:13:50] EDIT Image/views/default/show.html: 0
[2016-04-30 10:16:21] EDIT Image/views/default/show.html: 1
[2016-04-30 10:17:32] EDIT Image/views/default/show.html: -1
[2016-04-30 10:17:39] EDIT Image/views/default/show.html: 0
[2016-04-30 10:18:08] EDIT Image/views/default/show.html: 0
[2016-04-30 10:18:18] EDIT Image/views/default/show.html: 0
[2016-04-30 10:18:27] EDIT Image/views/default/show.html: 0
[2016-04-30 10:19:12] EDIT Image/views/default/show.html: 0
[2016-04-30 10:20:04] EDIT Image/views/default/show.html: 0
[2016-04-30 10:22:09] CREATE default/rep.html: 0
[2016-04-30 10:34:09] EDIT Image/views/default/show.html: 0
[2016-04-30 10:36:31] EDIT Image/controllers/default.py: 0
[2016-04-30 10:37:22] EDIT Image/controllers/default.py: 0
[2016-04-30 10:39:26] EDIT Image/views/default/rep.html: 20
[2016-04-30 10:42:56] EDIT Image/controllers/default.py: 3
[2016-04-30 10:43:18] EDIT Image/views/default/rep.html: -8
[2016-04-30 10:43:50] EDIT Image/models/menu.py: 1
[2016-04-30 10:43:59] EDIT Image/models/menu.py: 0
[2016-04-30 10:45:28] EDIT Image/controllers/default.py: 0
[2016-04-30 10:46:12] EDIT Image/views/default/rep.html: 1
[2016-04-30 10:46:42] EDIT Image/views/default/rep.html: 0
[2016-04-30 10:46:53] EDIT Image/views/default/rep.html: 0
[2016-04-30 10:47:45] EDIT Image/views/default/rep.html: 0
[2016-04-30 10:47:52] CREATE default/delete.html: 0
[2016-04-30 10:48:58] EDIT Image/views/default/delete.html: 24
[2016-04-30 10:49:25] EDIT Image/views/default/delete.html: 0
[2016-04-30 10:51:25] EDIT Image/controllers/default.py: 4
[2016-04-30 10:52:18] EDIT Image/views/default/delete.html: 0
[2016-04-30 10:54:05] EDIT Image/controllers/default.py: 0
[2016-04-30 10:56:17] EDIT Image/views/default/rep.html: 0
[2016-04-30 10:57:10] EDIT Image/controllers/default.py: -1
[2016-04-30 10:58:54] EDIT Image/controllers/default.py: 0
[2016-04-30 11:01:44] EDIT Image/views/default/delete.html: 3
[2016-04-30 11:02:33] EDIT Image/views/default/delete.html: 1
[2016-04-30 11:02:44] EDIT Image/views/default/delete.html: 0
[2016-04-30 11:04:17] EDIT Image/views/default/delete.html: 8
[2016-04-30 11:05:31] EDIT Image/views/default/delete.html: -2
[2016-04-30 11:06:12] EDIT Image/views/default/delete.html: -1
[2016-04-30 11:06:39] EDIT Image/views/default/delete.html: 0
[2016-04-30 11:08:31] EDIT Image/controllers/default.py: -1
[2016-04-30 11:11:19] EDIT Image/views/default/rep.html: 0
[2016-04-30 11:12:17] EDIT Image/views/default/rep.html: 0
[2016-04-30 11:13:00] EDIT Image/views/default/rep.html: 0
[2016-04-30 11:18:08] EDIT Image/views/default/rep.html: 0
[2016-04-30 11:22:31] EDIT Image/views/default/rep.html: 0
[2016-04-30 11:24:12] EDIT Image/views/default/rep.html: 2
[2016-04-30 11:25:21] EDIT Image/views/default/rep.html: 0
[2016-04-30 11:26:34] EDIT Image/views/default/rep.html: 1
[2016-04-30 11:27:41] EDIT Image/views/default/rep.html: 0
[2016-04-30 11:27:54] EDIT Image/views/default/rep.html: -1
[2016-04-30 11:39:59] EDIT Image/models/db.py: 1
[2016-04-30 11:40:12] EDIT Image/models/db.py: 0
[2016-04-30 11:44:51] CREATE default/tag_form.load: 0
[2016-04-30 11:44:58] EDIT Image/views/default/tag_form.load: -19
[2016-04-30 11:45:25] EDIT Image/models/db.py: 0
[2016-04-30 11:47:17] EDIT Image/views/default/show.html: 1
[2016-04-30 11:47:30] EDIT Image/controllers/default.py: 13
[2016-04-30 11:47:42] EDIT Image/controllers/default.py: 2
[2016-04-30 11:48:18] EDIT Image/controllers/default.py: 0
[2016-04-30 11:49:17] EDIT Image/views/default/show.html: -23
[2016-04-30 11:52:13] EDIT Image/views/default/tag_list.load: 0
[2016-04-30 11:53:39] EDIT Image/views/default/tag_list.load: 0
[2016-04-30 11:54:07] EDIT Image/views/default/tag_list.load: 0
[2016-04-30 11:54:35] EDIT Image/views/default/tag_list.load: 0
[2016-04-30 12:13:32] CREATE default/search_result.html: 0
[2016-04-30 12:26:44] EDIT Image/views/default/search_result.html: 37
[2016-04-30 12:27:10] CREATE default/search_list.html: 0
[2016-04-30 12:28:38] EDIT Image/views/default/search_result.html: -15
[2016-04-30 12:29:43] EDIT Image/controllers/default.py: 14
[2016-04-30 12:29:53] CREATE default/search_list.load: 0
[2016-04-30 12:30:05] EDIT Image/views/default/search_list.load: -4
[2016-04-30 12:31:17] EDIT Image/models/menu.py: 1
[2016-04-30 12:32:08] EDIT Image/views/default/search_result.html: 0
[2016-04-30 12:33:02] EDIT Image/views/default/search_list.load: 2
[2016-04-30 12:33:33] EDIT Image/views/default/search_list.load: 0
[2016-04-30 13:14:01] EDIT Image/views/default/search_result.html: 38
[2016-04-30 13:14:35] EDIT Image/views/default/search_result.html: 0
[2016-04-30 13:14:41] EDIT Image/views/default/search_list.load: 22
[2016-04-30 13:21:48] EDIT Image/controllers/default.py: 15
[2016-04-30 13:22:11] EDIT Image/controllers/default.py: 0
[2016-04-30 13:22:13] EDIT Image/views/default/search_result.html: 0
[2016-04-30 13:22:44] EDIT Image/models/menu.py: 0
[2016-04-30 13:23:11] EDIT Image/views/default/index.html: 17
[2016-04-30 13:26:16] EDIT Image/views/default/search_result.html: 0
[2016-04-30 13:27:24] EDIT Image/controllers/default.py: -12
[2016-04-30 13:28:42] EDIT Image/controllers/default.py: 3
[2016-04-30 13:31:36] EDIT Image/views/default/index.html: 0
[2016-04-30 13:33:58] EDIT Image/views/default/index.html: 0
[2016-04-30 13:35:05] EDIT Image/views/default/index.html: 0
[2016-04-30 13:35:11] EDIT Image/views/default/search_result.html: 0
[2016-04-30 13:36:28] EDIT Image/controllers/default.py: 1
[2016-04-30 13:36:52] EDIT Image/controllers/default.py: 1
[2016-04-30 13:37:37] EDIT Image/views/default/index.html: 1
[2016-04-30 13:39:40] EDIT Image/controllers/default.py: 0
[2016-04-30 13:40:03] EDIT Image/controllers/default.py: 0
[2016-04-30 13:41:16] EDIT Image/controllers/default.py: -1
[2016-04-30 13:41:47] EDIT Image/controllers/default.py: 0
[2016-04-30 13:42:40] EDIT Image/controllers/default.py: 1
[2016-04-30 13:42:40] EDIT Image/controllers/default.py: 0
[2016-04-30 13:42:40] EDIT Image/controllers/default.py: 0
[2016-04-30 13:42:41] EDIT Image/controllers/default.py: 0
[2016-04-30 13:42:41] EDIT Image/controllers/default.py: 0
[2016-04-30 13:42:41] EDIT Image/controllers/default.py: 0
[2016-04-30 13:42:41] EDIT Image/controllers/default.py: 0
[2016-04-30 13:42:41] EDIT Image/controllers/default.py: 0
[2016-04-30 13:42:42] EDIT Image/controllers/default.py: 0
[2016-04-30 13:42:42] EDIT Image/controllers/default.py: 0
[2016-04-30 13:42:42] EDIT Image/controllers/default.py: 0
[2016-04-30 13:42:42] EDIT Image/controllers/default.py: 0
[2016-04-30 13:42:54] EDIT Image/controllers/default.py: 0
[2016-04-30 13:45:11] EDIT Image/controllers/default.py: 0
[2016-04-30 13:46:07] EDIT Image/views/default/search_result.html: -31
[2016-04-30 13:46:29] EDIT Image/views/default/search_result.html: 0
[2016-04-30 13:56:21] EDIT Image/controllers/default.py: 2
[2016-04-30 13:56:48] EDIT Image/controllers/default.py: -3
[2016-04-30 13:57:07] EDIT Image/controllers/default.py: 0
[2016-04-30 13:58:23] EDIT Image/controllers/default.py: 1
[2016-04-30 13:58:41] EDIT Image/models/db.py: 0
[2016-04-30 13:58:54] EDIT Image/controllers/default.py: -1
[2016-04-30 13:59:10] EDIT Image/controllers/default.py: 0
[2016-04-30 13:59:32] EDIT Image/controllers/default.py: 0
[2016-04-30 14:00:05] EDIT Image/controllers/default.py: 0
[2016-04-30 14:00:43] EDIT Image/controllers/default.py: 0
[2016-04-30 14:01:03] EDIT Image/controllers/default.py: 1
[2016-04-30 14:01:13] EDIT Image/controllers/default.py: 0
[2016-04-30 14:01:21] EDIT Image/controllers/default.py: 0
[2016-04-30 14:01:31] EDIT Image/controllers/default.py: 0
[2016-04-30 14:03:32] EDIT Image/controllers/default.py: 0
[2016-04-30 14:03:58] EDIT Image/controllers/default.py: 1
[2016-04-30 14:04:20] EDIT Image/models/db.py: 1
[2016-04-30 14:05:13] EDIT Image/models/db.py: 0
[2016-04-30 14:05:35] EDIT Image/controllers/default.py: -1
[2016-04-30 14:05:47] EDIT Image/controllers/default.py: 0
[2016-04-30 14:05:54] EDIT Image/controllers/default.py: 0
[2016-04-30 14:06:01] EDIT Image/controllers/default.py: 0
[2016-04-30 14:06:24] EDIT Image/controllers/default.py: 0
[2016-04-30 14:06:30] EDIT Image/controllers/default.py: 0
[2016-04-30 14:07:37] EDIT Image/views/default/index.html: -17
[2016-04-30 14:07:56] EDIT Image/views/default/search_list.load: -25
[2016-04-30 14:08:50] EDIT Image/controllers/default.py: 2
[2016-04-30 14:09:14] EDIT Image/views/default/search_result.html: -13
[2016-04-30 14:09:28] EDIT Image/controllers/default.py: 0
[2016-04-30 14:09:53] EDIT Image/controllers/default.py: 0
[2016-04-30 14:09:55] EDIT Image/views/default/index.html: 0
[2016-04-30 14:09:56] EDIT Image/views/default/search_list.load: 0
[2016-04-30 14:09:57] EDIT Image/views/default/search_result.html: 0
[2016-04-30 14:09:59] EDIT Image/models/db.py: 0
[2016-04-30 14:10:57] EDIT Image/views/default/search_result.html: 0
[2016-04-30 14:12:16] EDIT Image/views/default/search_result.html: 0
[2016-04-30 14:12:53] EDIT Image/controllers/default.py: 3
[2016-04-30 14:13:05] EDIT Image/controllers/default.py: 0
[2016-04-30 14:13:08] EDIT Image/controllers/default.py: 0
[2016-04-30 14:13:29] EDIT Image/controllers/default.py: 0
[2016-04-30 14:13:31] EDIT Image/views/default/search_list.load: 0
[2016-04-30 14:13:32] EDIT Image/views/default/search_result.html: 0
[2016-04-30 14:13:33] EDIT Image/views/default/show.html: 0
[2016-04-30 14:14:48] EDIT Image/views/default/search_result.html: -1
[2016-04-30 14:15:50] EDIT Image/views/default/search_result.html: 0
[2016-04-30 14:16:03] EDIT Image/views/default/search_list.load: 1
[2016-04-30 14:16:33] EDIT Image/controllers/default.py: -1
[2016-04-30 14:18:45] EDIT Image/views/default/search_list.load: 0
[2016-04-30 14:20:30] EDIT Image/controllers/default.py: 0
[2016-04-30 14:23:34] EDIT Image/controllers/default.py: 0
[2016-04-30 14:23:42] EDIT Image/controllers/default.py: 0
[2016-04-30 14:24:08] EDIT Image/controllers/default.py: 0
[2016-04-30 14:25:07] EDIT Image/controllers/default.py: 0
[2016-04-30 14:25:43] EDIT Image/controllers/default.py: 0
[2016-04-30 14:25:52] EDIT Image/controllers/default.py: 0
[2016-04-30 14:26:37] EDIT Image/controllers/default.py: 0
[2016-04-30 14:26:59] EDIT Image/controllers/default.py: 0
[2016-04-30 14:27:26] EDIT Image/controllers/default.py: 0
[2016-04-30 14:28:00] EDIT Image/controllers/default.py: 0
[2016-04-30 14:28:05] EDIT Image/controllers/default.py: 0
[2016-04-30 14:28:06] EDIT Image/controllers/default.py: 0
[2016-04-30 14:28:06] EDIT Image/controllers/default.py: 0
[2016-04-30 14:28:06] EDIT Image/controllers/default.py: 0
[2016-04-30 14:28:06] EDIT Image/controllers/default.py: 0
[2016-04-30 14:28:07] EDIT Image/controllers/default.py: 0
[2016-04-30 14:28:10] EDIT Image/controllers/default.py: 0
[2016-04-30 14:28:20] EDIT Image/controllers/default.py: 0
[2016-04-30 14:28:21] EDIT Image/controllers/default.py: 0
[2016-04-30 14:28:21] EDIT Image/controllers/default.py: 0
[2016-04-30 14:28:22] EDIT Image/controllers/default.py: 0
[2016-04-30 14:28:22] EDIT Image/controllers/default.py: 0
[2016-04-30 14:28:22] EDIT Image/controllers/default.py: 0
[2016-04-30 14:28:22] EDIT Image/controllers/default.py: 0
[2016-04-30 14:28:39] EDIT Image/controllers/default.py: 0
[2016-04-30 14:28:45] EDIT Image/controllers/default.py: 0
[2016-04-30 14:28:46] EDIT Image/controllers/default.py: 0
[2016-04-30 14:28:58] EDIT Image/controllers/default.py: 0
[2016-04-30 14:29:00] EDIT Image/controllers/default.py: 0
[2016-04-30 14:29:15] EDIT Image/controllers/default.py: 0
[2016-04-30 14:29:22] EDIT Image/controllers/default.py: 0
[2016-04-30 14:29:30] EDIT Image/controllers/default.py: 0
[2016-04-30 14:29:42] EDIT Image/controllers/default.py: 0
[2016-04-30 14:30:05] EDIT Image/controllers/default.py: 0
[2016-04-30 14:31:48] EDIT Image/controllers/default.py: 0
[2016-04-30 14:33:28] EDIT Image/controllers/default.py: 0
[2016-04-30 14:33:29] EDIT Image/controllers/default.py: 0
[2016-04-30 14:33:30] EDIT Image/controllers/default.py: 0
[2016-04-30 14:33:32] EDIT Image/controllers/default.py: 0
[2016-04-30 14:35:05] EDIT Image/views/default/search_result.html: 0
[2016-04-30 14:40:10] EDIT Image/models/menu.py: -1
[2016-04-30 14:42:38] EDIT Image/controllers/default.py: 1
[2016-04-30 14:42:46] EDIT Image/controllers/default.py: 0
[2016-04-30 14:44:51] EDIT Image/models/menu.py: 0
[2016-04-30 17:03:20] EDIT Image/controllers/default.py: -2
[2016-04-30 17:03:51] EDIT Image/controllers/default.py: -1
[2016-04-30 17:04:12] EDIT Image/controllers/default.py: 2
[2016-04-30 17:04:35] EDIT Image/controllers/default.py: -1
[2016-04-30 17:04:54] EDIT Image/controllers/default.py: 0
[2016-04-30 17:05:32] EDIT Image/controllers/default.py: 0
[2016-04-30 17:05:32] EDIT Image/controllers/default.py: 0
[2016-04-30 17:05:32] EDIT Image/controllers/default.py: 0
[2016-04-30 17:05:33] EDIT Image/controllers/default.py: 0
[2016-04-30 17:05:33] EDIT Image/controllers/default.py: 0
[2016-04-30 17:05:33] EDIT Image/controllers/default.py: 0
[2016-04-30 17:05:33] EDIT Image/controllers/default.py: 0
[2016-04-30 17:05:33] EDIT Image/controllers/default.py: 0
[2016-04-30 17:05:34] EDIT Image/controllers/default.py: 0
[2016-04-30 17:05:56] EDIT Image/controllers/default.py: 1
[2016-04-30 17:06:05] EDIT Image/controllers/default.py: 0
[2016-04-30 17:06:27] EDIT Image/controllers/default.py: -1
[2016-04-30 17:07:35] EDIT Image/controllers/default.py: -1
[2016-04-30 17:07:49] EDIT Image/controllers/default.py: 0
[2016-04-30 17:08:21] EDIT Image/controllers/default.py: 0
[2016-04-30 17:10:25] EDIT Image/views/default/show.html: 1
[2016-04-30 17:11:47] EDIT Image/views/default/show.html: 0
[2016-04-30 17:12:16] EDIT Image/views/default/show.html: 0
[2016-04-30 17:12:23] EDIT Image/views/default/show.html: 0
[2016-04-30 17:16:32] EDIT Image/views/default/show.html: 0
[2016-04-30 17:17:45] EDIT Image/views/default/show.html: 6
[2016-04-30 17:18:36] EDIT Image/views/default/show.html: 0
[2016-04-30 17:20:38] EDIT Image/views/default/show.html: 5
[2016-04-30 17:20:54] EDIT Image/views/default/show.html: 1
[2016-04-30 17:21:07] EDIT Image/views/default/show.html: 0
[2016-04-30 17:21:25] EDIT Image/views/default/show.html: 0
[2016-04-30 17:21:50] EDIT Image/views/default/show.html: 0
[2016-04-30 17:22:48] EDIT Image/views/default/show.html: 0
[2016-04-30 17:25:24] EDIT Image/views/default/show.html: 9
[2016-04-30 17:25:27] EDIT Image/views/default/show.html: 0
[2016-04-30 17:25:51] EDIT Image/views/default/show.html: 0
[2016-04-30 17:26:13] EDIT Image/views/default/show.html: 0
[2016-04-30 17:26:35] EDIT Image/views/default/show.html: -7
[2016-04-30 17:27:05] EDIT Image/views/default/show.html: 5
[2016-04-30 17:28:35] EDIT Image/views/default/show.html: 4
[2016-04-30 17:28:54] EDIT Image/views/default/show.html: -2
[2016-04-30 17:29:13] EDIT Image/views/default/show.html: -1
[2016-04-30 17:29:58] EDIT Image/views/default/show.html: 26
[2016-04-30 17:31:34] EDIT Image/views/default/show.html: 5
[2016-04-30 17:34:26] EDIT Image/views/default/show.html: 5
[2016-04-30 17:37:44] EDIT Image/views/default/show.html: 45
[2016-04-30 17:38:38] EDIT Image/views/default/show.html: 0
[2016-04-30 17:39:26] EDIT Image/views/default/show.html: 0
[2016-04-30 17:39:26] EDIT Image/views/default/show.html: 0
[2016-04-30 17:39:27] EDIT Image/views/default/show.html: 0
[2016-04-30 17:39:27] EDIT Image/views/default/show.html: 0
[2016-04-30 17:41:40] EDIT Image/views/default/show.html: 5
[2016-04-30 17:43:41] EDIT Image/views/default/show.html: 5
[2016-04-30 17:45:17] EDIT Image/views/default/show.html: 0
[2016-04-30 17:45:45] EDIT Image/views/default/show.html: 0
[2016-04-30 17:51:12] EDIT Image/views/default/show.html: 0
[2016-04-30 17:52:17] EDIT Image/views/default/show.html: 0
[2016-04-30 17:57:15] EDIT Image/views/default/show.html: 5
[2016-04-30 17:58:20] EDIT Image/models/db.py: 1
[2016-04-30 17:58:31] EDIT Image/models/db.py: 0
[2016-04-30 17:58:43] EDIT Image/models/db.py: 0
[2016-04-30 17:58:47] EDIT Image/controllers/default.py: 0
[2016-04-30 18:00:19] EDIT Image/controllers/default.py: -1
[2016-04-30 18:02:36] EDIT Image/controllers/default.py: 1
[2016-04-30 18:02:44] EDIT Image/controllers/default.py: 0
[2016-04-30 18:05:49] EDIT Image/controllers/default.py: 1
[2016-04-30 18:10:37] EDIT Image/models/db.py: 0
[2016-04-30 18:12:36] EDIT Image/controllers/default.py: 0
[2016-04-30 18:12:58] EDIT Image/controllers/default.py: 0
[2016-04-30 18:14:23] EDIT Image/controllers/default.py: 0
[2016-04-30 18:15:10] EDIT Image/controllers/default.py: 0
[2016-04-30 18:15:28] EDIT Image/controllers/default.py: 0
[2016-04-30 18:15:46] EDIT Image/controllers/default.py: 0
[2016-04-30 18:16:06] EDIT Image/controllers/default.py: 0
[2016-04-30 18:16:44] EDIT Image/controllers/default.py: 0
[2016-04-30 18:17:18] EDIT Image/controllers/default.py: 0
[2016-04-30 18:17:37] EDIT Image/controllers/default.py: 0
[2016-04-30 18:19:53] EDIT Image/views/default/show.html: 0
[2016-04-30 18:21:15] EDIT Image/views/default/show.html: 1
[2016-04-30 18:21:39] EDIT Image/views/default/show.html: 0
[2016-04-30 18:22:06] EDIT Image/views/default/show.html: 0
[2016-04-30 18:23:00] EDIT Image/views/default/show.html: 0
[2016-04-30 18:24:46] EDIT Image/views/default/show.html: 0
[2016-04-30 18:25:58] EDIT Image/views/default/show.html: -5
[2016-04-30 18:26:52] EDIT Image/views/default/show.html: 0
[2016-04-30 18:27:36] EDIT Image/views/default/show.html: 0
[2016-04-30 18:27:56] EDIT Image/views/default/show.html: 0
[2016-04-30 18:28:46] EDIT Image/views/default/show.html: 4
[2016-04-30 18:28:50] EDIT Image/views/default/show.html: -5
[2016-04-30 18:29:00] EDIT Image/views/default/show.html: 0
[2016-04-30 18:30:57] EDIT Image/views/default/show.html: 5
[2016-04-30 18:31:31] EDIT Image/views/default/show.html: 0
[2016-04-30 18:31:44] EDIT Image/views/default/show.html: 0
[2016-04-30 18:32:01] EDIT Image/views/default/show.html: 0
[2016-04-30 18:32:25] EDIT Image/views/default/show.html: 0
[2016-04-30 18:33:03] EDIT Image/views/default/show.html: 1
[2016-04-30 18:33:19] EDIT Image/views/default/show.html: 0
[2016-04-30 18:33:21] EDIT Image/views/default/show.html: -1
[2016-04-30 18:34:30] EDIT Image/views/default/show.html: -2
[2016-04-30 18:34:44] EDIT Image/views/default/show.html: -2
[2016-04-30 18:35:25] EDIT Image/views/default/show.html: 0
[2016-04-30 18:35:35] EDIT Image/views/default/show.html: 0
[2016-04-30 18:36:08] EDIT Image/views/default/show.html: -5
[2016-04-30 18:36:32] EDIT Image/views/default/show.html: 0
[2016-04-30 18:37:24] EDIT Image/controllers/default.py: 1
[2016-04-30 18:37:42] EDIT Image/controllers/default.py: 0
[2016-04-30 18:39:44] EDIT Image/views/default/show.html: 0
[2016-04-30 18:39:50] EDIT Image/views/default/show.html: 0
[2016-04-30 18:40:00] EDIT Image/views/default/show.html: 0
[2016-04-30 18:43:33] EDIT Image/views/default/show.html: 1
[2016-04-30 18:43:49] EDIT Image/views/default/show.html: 0
[2016-04-30 18:44:15] EDIT Image/views/default/show.html: 1
[2016-04-30 18:44:52] EDIT Image/views/default/show.html: 0
[2016-04-30 18:45:00] EDIT Image/views/default/show.html: -2
[2016-04-30 18:45:31] EDIT Image/controllers/default.py: 0
[2016-04-30 18:45:31] EDIT Image/controllers/default.py: 0
[2016-04-30 18:45:32] EDIT Image/controllers/default.py: 0
[2016-04-30 18:45:32] EDIT Image/controllers/default.py: 0
[2016-04-30 18:53:42] EDIT Image/controllers/default.py: 0
[2016-04-30 18:53:56] EDIT Image/views/default/show.html: 0
[2016-04-30 18:54:43] EDIT Image/controllers/default.py: 0
[2016-04-30 18:54:48] EDIT Image/controllers/default.py: 0
[2016-04-30 18:57:37] EDIT Image/views/default/show.html: 0
[2016-04-30 18:58:11] EDIT Image/controllers/default.py: 0
[2016-04-30 18:59:04] EDIT Image/controllers/default.py: 0
[2016-04-30 18:59:29] EDIT Image/controllers/default.py: 0
[2016-04-30 18:59:41] EDIT Image/views/default/show.html: 0
[2016-04-30 19:00:34] EDIT Image/controllers/default.py: 0
[2016-04-30 19:00:49] EDIT Image/controllers/default.py: 0
[2016-04-30 19:03:32] EDIT Image/views/default/show.html: 23
[2016-04-30 19:03:41] EDIT Image/views/default/show.html: 0
[2016-04-30 19:06:10] EDIT Image/views/default/show.html: 0
[2016-04-30 19:06:55] EDIT Image/controllers/default.py: 0
[2016-04-30 19:07:23] EDIT Image/controllers/default.py: 0
[2016-04-30 19:11:58] EDIT Image/controllers/default.py: 20
[2016-04-30 19:13:24] EDIT Image/controllers/default.py: -1
[2016-04-30 19:13:41] EDIT Image/controllers/default.py: 0
[2016-04-30 19:17:45] EDIT Image/controllers/default.py: -4
[2016-04-30 19:18:38] EDIT Image/controllers/default.py: 0
[2016-04-30 19:18:47] EDIT Image/controllers/default.py: 0
[2016-04-30 19:19:04] EDIT Image/controllers/default.py: 1
[2016-04-30 19:19:38] EDIT Image/views/default/show.html: -3
[2016-04-30 19:20:00] EDIT Image/views/default/show.html: 3
[2016-04-30 19:23:19] EDIT Image/controllers/default.py: -3
[2016-04-30 19:23:41] EDIT Image/controllers/default.py: -16
[2016-04-30 19:23:56] EDIT Image/controllers/default.py: 0
[2016-04-30 19:24:55] EDIT Image/views/default/try.html: 100
[2016-04-30 19:25:09] EDIT Image/views/default/try.html: 1
[2016-04-30 19:25:46] EDIT Image/controllers/default.py: 0
[2016-04-30 19:25:59] EDIT Image/views/default/try1.html: 88
[2016-04-30 19:26:28] EDIT Image/views/default/try1.html: 0
[2016-04-30 19:26:53] EDIT Image/views/default/try1.html: 2
[2016-04-30 19:26:56] EDIT Image/views/default/try1.html: 0
[2016-04-30 19:27:02] EDIT Image/views/default/try1.html: 0
[2016-04-30 19:35:35] EDIT Image/controllers/default.py: 10
[2016-04-30 19:36:08] EDIT Image/views/default/try1.html: -2
[2016-04-30 19:36:51] EDIT Image/views/default/try1.html: 0
[2016-04-30 19:37:13] EDIT Image/controllers/default.py: -1
[2016-04-30 19:37:35] EDIT Image/controllers/default.py: 0
[2016-04-30 19:38:55] EDIT Image/controllers/default.py: 0
[2016-04-30 19:43:35] EDIT Image/views/default/try1.html: 1
[2016-04-30 19:49:49] EDIT Image/views/default/try1.html: 0
[2016-04-30 19:51:08] EDIT Image/views/default/try1.html: -103
[2016-04-30 19:51:34] EDIT Image/views/default/try1.html: 1
[2016-04-30 19:52:41] EDIT Image/views/default/try1.html: 102
[2016-04-30 19:52:46] EDIT Image/views/default/try1.html: -1
[2016-04-30 19:52:53] EDIT Image/views/default/try1.html: -101
[2016-04-30 19:53:15] EDIT Image/views/default/try1.html: 102
[2016-04-30 19:54:46] EDIT Image/views/default/try1.html: -102
[2016-04-30 19:55:08] EDIT Image/controllers/default.py: 0
[2016-04-30 19:55:13] EDIT Image/controllers/default.py: 0
[2016-04-30 19:57:23] EDIT Image/views/default/try1.html: 148
[2016-04-30 19:57:40] EDIT Image/views/default/try1.html: 0
[2016-04-30 19:57:55] EDIT Image/views/default/try1.html: 0
[2016-04-30 19:58:00] EDIT Image/views/default/try1.html: 0
[2016-04-30 19:58:53] EDIT Image/views/default/try1.html: -1
[2016-04-30 19:59:23] EDIT Image/views/default/try1.html: 0
[2016-04-30 19:59:41] EDIT Image/views/default/try1.html: 0
[2016-04-30 19:59:49] EDIT Image/views/default/try1.html: 0
[2016-04-30 20:00:17] EDIT Image/views/default/try1.html: 0
[2016-04-30 20:01:06] EDIT Image/views/default/try1.html: 1
[2016-04-30 20:01:24] EDIT Image/views/default/try1.html: 0
[2016-04-30 20:01:43] EDIT Image/views/default/try1.html: 0
[2016-04-30 20:02:19] EDIT Image/views/default/try1.html: -1
[2016-04-30 20:03:01] EDIT Image/views/default/try1.html: 0
[2016-04-30 20:03:37] EDIT Image/views/default/try1.html: 0
[2016-04-30 20:04:31] EDIT Image/views/default/try1.html: 0
[2016-04-30 20:06:07] EDIT Image/views/default/try1.html: 0
[2016-04-30 20:10:42] EDIT Image/views/default/try1.html: 1
[2016-04-30 20:11:03] EDIT Image/views/default/try1.html: 0
[2016-04-30 20:11:23] EDIT Image/views/default/try1.html: 0
[2016-04-30 20:12:40] EDIT Image/views/default/try1.html: 0
[2016-04-30 20:12:45] EDIT Image/views/default/show.html: 0
[2016-04-30 20:46:30] EDIT Image/views/default/try1.html: -5
[2016-04-30 20:46:45] EDIT Image/views/default/try1.html: -148
[2016-04-30 20:47:54] EDIT Image/controllers/default.py: 2
[2016-04-30 20:49:27] EDIT Image/views/default/show.html: -107
[2016-04-30 20:49:44] EDIT Image/views/default/show.html: 0
[2016-04-30 20:49:48] EDIT Image/views/default/show.html: 0
[2016-04-30 20:50:18] EDIT Image/views/default/show.html: 0
[2016-04-30 20:51:57] EDIT Image/views/default/show.html: -45
[2016-04-30 20:53:24] EDIT Image/views/default/show.html: 0
[2016-04-30 20:54:31] EDIT Image/views/default/show.html: 0
[2016-04-30 20:54:58] EDIT Image/views/default/show.html: 0
[2016-04-30 20:55:36] EDIT Image/views/default/show.html: 0
[2016-04-30 20:56:56] EDIT Image/views/default/show.html: 2
[2016-04-30 20:57:12] EDIT Image/views/default/show.html: 0
[2016-04-30 20:58:15] EDIT Image/views/default/show.html: -2
[2016-04-30 20:58:27] EDIT Image/views/default/show.html: 0
[2016-04-30 21:05:01] EDIT Image/views/default/show.html: 5
[2016-04-30 21:05:38] EDIT Image/views/default/show.html: 0
[2016-04-30 21:08:14] EDIT Image/views/default/show.html: 36
[2016-04-30 21:08:24] EDIT Image/views/default/show.html: 1
[2016-04-30 21:08:55] EDIT Image/views/default/show.html: 0
[2016-04-30 21:09:38] EDIT Image/views/default/show.html: -42
[2016-04-30 21:11:47] EDIT Image/views/default/show.html: 0
[2016-04-30 21:23:37] EDIT Image/controllers/default.py: 8
[2016-04-30 21:24:16] EDIT Image/models/db.py: 1
[2016-04-30 21:24:23] EDIT Image/models/db.py: 0
[2016-04-30 21:25:20] EDIT Image/views/default/show.html: 1
[2016-04-30 21:26:02] EDIT Image/controllers/default.py: 0
[2016-04-30 21:26:04] EDIT Image/controllers/default.py: 0
[2016-04-30 21:46:33] EDIT Image/controllers/default.py: 0
[2016-04-30 21:48:34] EDIT Image/views/default/show.html: 9
[2016-04-30 21:49:28] EDIT Image/views/default/show.html: 0
[2016-04-30 21:50:58] EDIT Image/views/default/show.html: 0
[2016-04-30 21:51:13] EDIT Image/views/default/show.html: 0
[2016-04-30 21:51:40] EDIT Image/views/default/show.html: 3
[2016-04-30 21:52:03] EDIT Image/views/default/show.html: 0
[2016-04-30 21:52:48] EDIT Image/views/default/show.html: 1
[2016-04-30 21:53:33] EDIT Image/views/default/show.html: 3
[2016-04-30 21:54:10] EDIT Image/views/default/show.html: -4
[2016-04-30 21:55:32] EDIT Image/controllers/default.py: 0
[2016-04-30 21:58:21] EDIT Image/controllers/default.py: 0
[2016-04-30 21:58:35] EDIT Image/controllers/default.py: -3
[2016-04-30 21:59:35] EDIT Image/views/default/show.html: 1
[2016-04-30 21:59:52] EDIT Image/views/default/show.html: 0
[2016-04-30 22:00:08] EDIT Image/views/default/show.html: 0
[2016-04-30 22:00:40] EDIT Image/views/default/show.html: 0
[2016-04-30 22:00:49] EDIT Image/views/default/try1.html: 148
[2016-04-30 22:02:44] EDIT Image/views/default/profile.html: -4
[2016-04-30 22:03:22] EDIT Image/views/default/profile.html: 0
[2016-04-30 22:04:16] EDIT Image/views/default/profile.html: 0
[2016-05-01 08:13:15] EDIT Image/models/menu.py: 0
[2016-05-01 08:13:30] EDIT Image/models/menu.py: 0
[2016-05-01 08:13:55] EDIT Image/models/menu.py: 0
[2016-05-01 08:15:32] EDIT Image/models/menu.py: -94
[2016-05-01 08:16:20] EDIT Image/views/layout.html: -11
[2016-05-01 08:18:21] EDIT Image/views/default/index.html: 0
[2016-05-01 08:18:57] EDIT Image/views/default/index.html: 0
[2016-05-01 08:19:54] EDIT Image/views/default/index.html: 0
[2016-05-01 08:21:35] EDIT Image/views/default/index.html: 0
[2016-05-01 08:22:29] EDIT Image/views/default/index.html: 0
[2016-05-01 08:26:33] EDIT Image/static/css/bootstrap.min.css: 0
[2016-05-01 08:30:19] EDIT Image/static/css/bootstrap.min.css: 0
[2016-05-01 08:30:37] EDIT Image/static/css/bootstrap.min.css: 0
[2016-05-01 08:32:00] EDIT Image/static/css/bootstrap.min.css: 0
[2016-05-01 08:33:57] EDIT Image/static/css/bootstrap.min.css: 0
[2016-05-01 08:37:40] EDIT Image/static/css/bootstrap.min.css: 0
[2016-05-01 08:43:30] EDIT Image/static/css/bootstrap.min.css: 0
[2016-05-01 08:44:32] EDIT Image/static/css/bootstrap.min.css: 0
[2016-05-01 08:45:56] EDIT Image/static/css/bootstrap.min.css: 0
[2016-05-01 08:48:29] EDIT Image/static/css/bootstrap.min.css: 0
[2016-05-01 08:50:58] EDIT Image/views/default/upload.html: 1
[2016-05-01 08:52:53] EDIT Image/static/css/web2py-bootstrap3.css: 8
[2016-05-01 08:53:19] EDIT Image/views/default/upload.html: 0
[2016-05-01 08:53:46] EDIT Image/views/default/upload.html: 1
[2016-05-01 08:55:14] EDIT Image/views/default/profile.html: 0
[2016-05-01 08:55:33] EDIT Image/views/default/profile.html: 1
[2016-05-01 08:56:15] EDIT Image/views/default/profile.html: 4
[2016-05-01 08:56:43] EDIT Image/views/default/profile.html: 1
[2016-05-01 08:57:00] EDIT Image/views/default/profile.html: 0
[2016-05-01 08:57:27] EDIT Image/views/default/profile.html: 2
[2016-05-01 08:58:11] EDIT Image/models/menu.py: 0
[2016-05-01 08:58:25] EDIT Image/models/menu.py: 0
[2016-05-01 08:58:33] EDIT Image/models/menu.py: 0
[2016-05-01 08:58:43] EDIT Image/models/menu.py: 0
[2016-05-01 08:58:59] EDIT Image/models/menu.py: 0
[2016-05-01 08:59:46] EDIT Image/views/default/profile.html: 0
[2016-05-01 09:04:36] EDIT Image/views/default/show2.html: 0
[2016-05-01 09:06:36] EDIT Image/views/default/show2.html: 0
[2016-05-01 09:08:05] EDIT Image/static/css/web2py-bootstrap3.css: 0
[2016-05-01 10:20:03] EDIT Image/controllers/default.py: 0
[2016-05-01 10:21:53] EDIT Image/views/default/index.html: -1
[2016-05-01 10:24:04] EDIT Image/views/default/upload.html: 0
[2016-05-01 10:43:56] EDIT Image/views/default/index.html: -12
[2016-05-01 10:52:11] EDIT Image/controllers/default.py: 3
[2016-05-01 10:57:17] EDIT Image/controllers/default.py: 0
[2016-05-01 10:58:20] EDIT Image/controllers/default.py: 0
[2016-05-01 10:59:00] EDIT Image/controllers/default.py: 0
[2016-05-01 11:03:42] EDIT Image/static/css/web2py-bootstrap3.css: 0
[2016-05-01 11:04:00] EDIT Image/static/css/web2py-bootstrap3.css: 0
[2016-05-01 11:04:21] EDIT Image/static/css/web2py-bootstrap3.css: 1
[2016-05-01 11:04:32] EDIT Image/static/css/web2py-bootstrap3.css: 0
[2016-05-01 11:04:59] EDIT Image/static/css/web2py-bootstrap3.css: 0
[2016-05-01 11:05:38] EDIT Image/static/css/web2py-bootstrap3.css: 0
[2016-05-01 11:08:41] EDIT Image/views/default/search_result.html: 1
[2016-05-01 11:09:25] EDIT Image/views/default/search_result.html: 2
[2016-05-01 11:11:05] EDIT Image/views/default/upload.html: 0
[2016-05-01 11:11:44] EDIT Image/views/default/upload.html: 0
[2016-05-01 11:13:12] EDIT Image/views/default/upload.html: 2
[2016-05-01 11:14:49] EDIT Image/static/css/web2py-bootstrap3.css: 0
[2016-05-01 11:16:59] EDIT Image/static/css/bootstrap.min.css: 0
[2016-05-01 11:19:30] EDIT Image/views/default/my_show.html: 0
[2016-05-01 11:19:58] EDIT Image/views/default/my_show.html: 0
[2016-05-01 11:20:30] EDIT Image/views/default/my_show.html: 0
[2016-05-01 11:21:29] EDIT Image/views/default/my_show.html: 0
[2016-05-01 11:22:48] EDIT Image/views/default/show.html: 0
[2016-05-01 11:23:01] EDIT Image/views/default/show.html: 1
[2016-05-01 11:23:17] EDIT Image/views/default/show.html: 0
[2016-05-01 11:23:37] EDIT Image/views/default/show.html: 0
[2016-05-01 11:23:48] EDIT Image/views/default/show.html: 1
[2016-05-01 11:24:08] EDIT Image/views/default/show.html: 0
[2016-05-01 11:25:10] EDIT Image/views/default/show.html: 0
[2016-05-01 11:26:35] EDIT Image/views/default/show.html: 0
[2016-05-01 11:27:54] EDIT Image/static/css/web2py-bootstrap3.css: 8
[2016-05-01 11:29:19] EDIT Image/views/default/show.html: 0
[2016-05-01 11:32:56] EDIT Image/static/css/web2py-bootstrap3.css: 3
[2016-05-01 11:33:15] EDIT Image/static/css/web2py-bootstrap3.css: 1
[2016-05-01 11:33:25] EDIT Image/static/css/web2py-bootstrap3.css: 0
[2016-05-01 11:33:32] EDIT Image/static/css/web2py-bootstrap3.css: 0
[2016-05-01 11:33:40] EDIT Image/static/css/web2py-bootstrap3.css: 0
[2016-05-01 11:34:02] EDIT Image/static/css/web2py-bootstrap3.css: 1
[2016-05-01 11:34:21] EDIT Image/static/css/web2py-bootstrap3.css: 0
[2016-05-01 11:34:39] EDIT Image/static/css/web2py-bootstrap3.css: 1
[2016-05-01 11:34:54] EDIT Image/static/css/web2py-bootstrap3.css: 1
[2016-05-01 11:35:04] EDIT Image/static/css/web2py-bootstrap3.css: 0
[2016-05-01 11:35:17] EDIT Image/static/css/web2py-bootstrap3.css: 0
[2016-05-01 11:35:41] EDIT Image/static/css/web2py-bootstrap3.css: 1
[2016-05-01 11:36:04] EDIT Image/static/css/web2py-bootstrap3.css: 1
[2016-05-01 11:36:19] EDIT Image/static/css/web2py-bootstrap3.css: 0
[2016-05-01 11:36:42] EDIT Image/static/css/web2py-bootstrap3.css: 0
[2016-05-01 11:37:33] EDIT Image/static/css/web2py-bootstrap3.css: 0
[2016-05-01 11:37:45] EDIT Image/static/css/web2py-bootstrap3.css: 0
[2016-05-01 11:39:02] EDIT Image/static/css/bootstrap.min.css: 0
[2016-05-01 11:39:28] EDIT Image/static/css/web2py-bootstrap3.css: 0
[2016-05-01 11:39:41] EDIT Image/static/css/web2py-bootstrap3.css: 0
[2016-05-01 11:39:58] EDIT Image/static/css/web2py-bootstrap3.css: 0
[2016-05-01 11:41:41] EDIT Image/views/default/search_result.html: 0
[2016-05-01 11:42:44] EDIT Image/static/css/web2py-bootstrap3.css: 3
[2016-05-01 11:42:54] EDIT Image/static/css/web2py-bootstrap3.css: 0
[2016-05-01 11:44:03] EDIT Image/static/css/web2py-bootstrap3.css: 0
[2016-05-01 12:31:36] EDIT Image/views/default/index.html: 0
[2016-05-01 12:32:01] EDIT Image/views/default/index.html: 1
[2016-05-01 12:32:42] EDIT Image/views/default/index.html: 0
[2016-05-01 12:33:06] EDIT Image/views/default/index.html: 1
[2016-05-01 12:33:21] EDIT Image/views/default/index.html: 0
[2016-05-01 12:34:17] EDIT Image/views/default/index.html: 2
[2016-05-01 12:35:51] EDIT Image/static/css/web2py-bootstrap3.css: 3
[2016-05-01 12:39:32] EDIT Image/views/default/index.html: 4
[2016-05-01 12:40:24] EDIT Image/views/default/index.html: 0
[2016-05-01 12:41:23] EDIT Image/views/default/index.html: 5
[2016-05-01 12:44:12] EDIT Image/views/default/index.html: 1
[2016-05-01 12:44:21] EDIT Image/views/default/index.html: 0
[2016-05-01 12:45:05] EDIT Image/views/default/index.html: 0
[2016-05-01 12:45:32] EDIT Image/views/default/index.html: 0
[2016-05-01 12:46:58] EDIT Image/static/css/web2py-bootstrap3.css: 0
[2016-05-01 12:47:10] EDIT Image/static/css/web2py-bootstrap3.css: 0
[2016-05-01 12:47:22] EDIT Image/static/css/web2py-bootstrap3.css: 0
[2016-05-01 12:47:41] EDIT Image/static/css/web2py-bootstrap3.css: 0
[2016-05-01 12:47:58] EDIT Image/static/css/web2py-bootstrap3.css: 1
[2016-05-01 12:48:05] EDIT Image/views/default/index.html: -6
[2016-05-01 12:48:39] EDIT Image/views/default/index.html: 0
[2016-05-01 12:50:44] EDIT Image/views/default/index.html: 3
[2016-05-01 12:51:40] EDIT Image/views/default/index.html: 1
[2016-05-01 12:52:57] EDIT Image/static/css/web2py-bootstrap3.css: 0
[2016-05-01 12:53:23] EDIT Image/static/css/web2py-bootstrap3.css: 0
[2016-05-01 12:55:41] EDIT Image/views/default/rep.html: 0
[2016-05-01 12:59:34] EDIT Image/views/default/rep.html: 0
[2016-05-01 13:03:32] EDIT Image/views/default/rep.html: 0
[2016-05-01 13:03:50] EDIT Image/views/default/rep.html: 0
[2016-05-01 13:04:17] EDIT Image/views/default/rep.html: -2
[2016-05-01 13:04:46] EDIT Image/views/default/rep.html: 0
[2016-05-01 13:05:50] EDIT Image/views/default/rep.html: 3
[2016-05-01 13:06:28] EDIT Image/views/default/rep.html: 2
[2016-05-01 13:06:42] EDIT Image/views/default/rep.html: 0
[2016-05-01 13:09:14] EDIT Image/views/default/rep.html: -5
[2016-05-01 13:10:19] EDIT Image/views/default/rep.html: 0
[2016-05-01 13:10:49] EDIT Image/static/css/web2py-bootstrap3.css: 3
[2016-05-01 13:11:18] EDIT Image/views/default/rep.html: 0
[2016-05-01 13:11:40] EDIT Image/static/css/web2py-bootstrap3.css: 3
[2016-05-01 13:12:06] EDIT Image/views/default/rep.html: 1
[2016-05-01 13:12:19] EDIT Image/views/default/rep.html: 0
[2016-05-01 13:12:59] EDIT Image/static/css/web2py-bootstrap3.css: 0
[2016-05-01 13:13:09] EDIT Image/static/css/web2py-bootstrap3.css: 0
[2016-05-01 13:13:27] EDIT Image/static/css/web2py-bootstrap3.css: 0
[2016-05-01 13:13:57] EDIT Image/static/css/web2py-bootstrap3.css: 1
[2016-05-01 13:14:46] EDIT Image/static/css/web2py-bootstrap3.css: 3
[2016-05-01 13:15:20] EDIT Image/views/default/rep.html: 0
[2016-05-01 13:15:36] EDIT Image/views/default/rep.html: 0
[2016-05-01 13:15:48] EDIT Image/views/default/rep.html: 0
[2016-05-01 13:16:22] EDIT Image/views/default/rep.html: 0
[2016-05-01 13:18:08] EDIT Image/static/css/bootstrap.min.css: 0
[2016-05-01 13:23:50] EDIT Image/static/css/bootstrap.min.css: 0
[2016-05-01 13:25:58] EDIT Image/static/css/bootstrap.min.css: 0
[2016-05-01 13:26:05] EDIT Image/static/css/bootstrap.min.css: 0
[2016-05-01 13:27:30] EDIT Image/views/default/rep.html: 0
[2016-05-01 13:28:27] EDIT Image/static/css/web2py-bootstrap3.css: 3
[2016-05-01 13:28:56] EDIT Image/views/default/rep.html: 0
[2016-05-01 13:29:12] EDIT Image/static/css/web2py-bootstrap3.css: 0
[2016-05-01 13:29:24] EDIT Image/static/css/web2py-bootstrap3.css: -3
[2016-05-01 13:29:35] EDIT Image/views/default/rep.html: 0
[2016-05-01 13:34:43] EDIT Image/views/default/show.html: 0
[2016-05-01 13:35:58] EDIT Image/views/default/show.html: 0
[2016-05-01 13:36:25] EDIT Image/static/css/web2py-bootstrap3.css: 0
[2016-05-01 13:37:08] EDIT Image/views/default/show.html: 0
[2016-05-01 13:37:46] EDIT Image/views/default/show.html: 0
[2016-05-01 13:37:57] EDIT Image/views/default/show.html: 0
[2016-05-01 13:38:59] EDIT Image/views/default/show.html: 0
[2016-05-01 13:39:22] EDIT Image/views/default/show.html: 1
[2016-05-01 13:52:04] EDIT Image/views/default/show.html: 0
[2016-05-01 13:53:05] EDIT Image/views/default/show.html: 1
[2016-05-01 13:54:45] EDIT Image/views/default/show.html: 0
[2016-05-01 13:55:10] EDIT Image/views/default/show.html: 0
[2016-05-01 13:55:42] EDIT Image/views/default/show.html: 0
[2016-05-01 13:56:15] EDIT Image/static/css/web2py-bootstrap3.css: 8
[2016-05-01 13:57:08] EDIT Image/static/css/web2py-bootstrap3.css: 1
[2016-05-01 13:57:18] EDIT Image/static/css/web2py-bootstrap3.css: 0
[2016-05-01 14:01:05] EDIT Image/views/default/show.html: 2
[2016-05-01 14:02:25] EDIT Image/views/default/show.html: 0
[2016-05-01 14:07:12] EDIT Image/views/default/show.html: 0
[2016-05-01 14:07:21] EDIT Image/views/default/show.html: 0
[2016-05-01 14:07:28] EDIT Image/views/default/show.html: 0
[2016-05-01 14:07:39] EDIT Image/views/default/show.html: 0
[2016-05-01 14:07:45] EDIT Image/views/default/show.html: 0
[2016-05-01 14:08:19] EDIT Image/views/default/show.html: 0
[2016-05-01 14:08:38] EDIT Image/views/default/show.html: 0
[2016-05-01 14:08:54] EDIT Image/views/default/show.html: 0
[2016-05-01 14:09:12] EDIT Image/views/default/show.html: 0
[2016-05-01 20:27:29] EDIT Imagewithcss/controllers/default.py: 1
[2016-05-01 20:29:13] EDIT Imagewithcss/views/default/show.html: 0
[2016-05-01 20:29:53] EDIT Imagewithcss/controllers/default.py: 0
[2016-05-01 20:29:56] EDIT Imagewithcss/controllers/default.py: 0
[2016-05-01 20:31:00] EDIT Imagewithcss/views/default/index.html: -1
[2016-05-01 20:34:05] EDIT Imagewithcss/models/db.py: 0
[2016-05-01 20:34:38] EDIT Imagewithcss/views/default/show.html: 0
[2016-05-01 20:35:17] EDIT Imagewithcss/views/default/show.html: 0
[2016-05-01 20:41:31] EDIT Imagewithcss/views/default/profile.html: 0
[2016-05-01 20:47:16] EDIT Image_Journal/controllers/default.py: 17
[2016-05-01 20:48:19] EDIT Image_Journal/controllers/default.py: 0
[2016-05-01 20:48:48] EDIT Image_Journal/models/db.py: 1
[2016-05-01 22:08:16] EDIT Image_Journal/models/menu.py: 9
[2016-05-01 22:08:23] EDIT Image_Journal/models/menu.py: 0
[2016-05-01 22:08:57] EDIT Image_Journal/models/menu.py: 0
[2016-05-01 22:13:28] EDIT Image_Journal/controllers/default.py: -1
